[LOG] [2018-04-13 17:46:13] Name Request Adhitia
[LOG] [2018-04-13 17:47:29] Name Request Adhitia
[LOG] [2018-04-13 17:48:09] Name Request Adhitia
[LOG] [2018-04-13 17:48:09] Response Message Hello, Adhitia 
[LOG] [2018-04-13 17:49:23] Name Request Adhitia
[LOG] [2018-04-13 17:49:23] Response Message Hello, Adhitia 
[LOG] [2018-04-13 17:58:15] Name Request Adhitia
[LOG] [2018-04-13 17:58:15] Response Final Message Hello, Adhitia 
[LOG] [2018-04-13 17:59:12] Name Request Adhitia
[LOG] [2018-04-13 17:59:12] Response Final Message Hello, Adhitia 
[LOG] [2018-04-13 18:00:17] Name Request Adhitia
[LOG] [2018-04-13 18:00:17] Response Final Message Hello, Adhitia 
[LOG] [2019-07-16 17:44:39] Name Request Andhika
[LOG] [2019-07-16 17:44:39] Response Final Message Hello, Horas %!(EXTRA string=Andhika, string=MRS.)
[LOG] [2019-07-16 17:45:21] Name Request Andhika
[LOG] [2019-07-16 17:45:21] Response Final Message Hello, Hi %!(EXTRA string=Andhika, string=MR.)
[LOG] [2019-07-16 17:46:04] Name Request Andhika
[LOG] [2019-07-16 17:46:04] Response Final Message Hello, Hi %!(EXTRA string=Andhika, string=MR.)
[LOG] [2019-07-16 17:46:38] Name Request Andhika
[LOG] [2019-07-16 17:46:38] Response Final Message Hi %!(EXTRA string=Andhika, string=MR.)
[LOG] [2019-07-16 18:01:17] Name Request Andhika
[LOG] [2019-07-16 18:01:17] Response Final Message Hi, Mr. Andhika 
[LOG] [2019-07-16 18:01:40] Name Request Inggrid
[LOG] [2019-07-16 18:01:40] Response Final Message Horas, Mrs. Inggrid 
[LOG] [2019-07-16 18:01:47] Name Request Inggrid
[LOG] [2019-07-16 18:01:47] Response Final Message Horas, Mrs. Inggrid 
